<?xml version="1.0" encoding="UTF-8"?>
<!-- Generated by org.testng.reporters.JUnitReportReporter -->
<testsuite hostname="LAPTOP-LA6NMLRJ" failures="0" tests="2" name="Academy.EtoEProject.HomePage" time="20.169" errors="0" timestamp="2020-09-30T12:23:59 IST" skipped="0">
  <testcase classname="Academy.EtoEProject.HomePage" name="basePageNavigation" time="2.321"/>
  <system-out/>
  <testcase classname="Academy.EtoEProject.HomePage" name="basePageNavigation" time="17.848"/>
  <system-out/>
</testsuite> <!-- Academy.EtoEProject.HomePage -->
