<?xml version="1.0" encoding="UTF-8"?>
<!-- Generated by org.testng.reporters.JUnitReportReporter -->
<testsuite hostname="LAPTOP-LA6NMLRJ" failures="0" tests="1" name="Academy.EtoEProject.ValidateNavigationBar" time="0.072" errors="0" timestamp="2020-09-30T12:23:59 IST" skipped="0">
  <testcase classname="Academy.EtoEProject.ValidateNavigationBar" name="getNavigationBar" time="0.072"/>
  <system-out/>
</testsuite> <!-- Academy.EtoEProject.ValidateNavigationBar -->
