<?xml version="1.0" encoding="UTF-8"?>
<!-- Generated by org.testng.reporters.JUnitReportReporter -->
<testsuite hostname="LAPTOP-LA6NMLRJ" failures="0" tests="2" name="Academy.EtoEProject.HomePage" time="37.954" errors="0" timestamp="2020-09-28T15:14:24 IST" skipped="0">
  <testcase classname="Academy.EtoEProject.HomePage" name="basePageNavigation" time="32.647"/>
  <system-out/>
  <testcase classname="Academy.EtoEProject.HomePage" name="basePageNavigation" time="5.307"/>
  <system-out/>
</testsuite> <!-- Academy.EtoEProject.HomePage -->
