<?xml version="1.0" encoding="UTF-8"?>
<!-- Generated by org.testng.reporters.JUnitReportReporter -->
<testsuite hostname="LAPTOP-LA6NMLRJ" failures="0" tests="1" name="Academy.EtoEProject.GetTitle" time="0.082" errors="0" timestamp="2020-09-28T15:14:24 IST" skipped="0">
  <testcase classname="Academy.EtoEProject.GetTitle" name="pageTitle" time="0.082"/>
  <system-out/>
</testsuite> <!-- Academy.EtoEProject.GetTitle -->
